[debug] [2022-04-07T15:27:18.498Z] ----------------------------------------------------------------------
[debug] [2022-04-07T15:27:18.498Z] Command:       /opt/homebrew/Cellar/node/17.7.1/bin/node /opt/homebrew/bin/firebase deploy --only hosting
[debug] [2022-04-07T15:27:18.499Z] CLI Version:   10.6.0
[debug] [2022-04-07T15:27:18.499Z] Platform:      darwin
[debug] [2022-04-07T15:27:18.499Z] Node Version:  v17.7.1
[debug] [2022-04-07T15:27:18.499Z] Time:          Thu Apr 07 2022 20:57:18 GMT+0530 (India Standard Time)
[debug] [2022-04-07T15:27:18.499Z] ----------------------------------------------------------------------
[debug] 
[debug] [2022-04-07T15:27:18.529Z] > command requires scopes: ["email","openid","https://www.googleapis.com/auth/cloudplatformprojects.readonly","https://www.googleapis.com/auth/firebase","https://www.googleapis.com/auth/cloud-platform"]
[debug] [2022-04-07T15:27:18.529Z] > authorizing via signed-in user (abhayaggarwal365@gmail.com)
[debug] [2022-04-07T15:27:18.529Z] [iam] checking project clone-99e4a for permissions ["firebase.projects.get","firebasehosting.sites.update"]
[debug] [2022-04-07T15:27:18.530Z] >>> [apiv2][query] POST https://cloudresourcemanager.googleapis.com/v1/projects/clone-99e4a:testIamPermissions [none]
[debug] [2022-04-07T15:27:18.530Z] >>> [apiv2][body] POST https://cloudresourcemanager.googleapis.com/v1/projects/clone-99e4a:testIamPermissions {"permissions":["firebase.projects.get","firebasehosting.sites.update"]}
[debug] [2022-04-07T15:27:20.195Z] <<< [apiv2][status] POST https://cloudresourcemanager.googleapis.com/v1/projects/clone-99e4a:testIamPermissions 200
[debug] [2022-04-07T15:27:20.195Z] <<< [apiv2][body] POST https://cloudresourcemanager.googleapis.com/v1/projects/clone-99e4a:testIamPermissions {"permissions":["firebase.projects.get","firebasehosting.sites.update"]}
[debug] [2022-04-07T15:27:20.196Z] >>> [apiv2][query] GET https://firebase.googleapis.com/v1beta1/projects/clone-99e4a [none]
[debug] [2022-04-07T15:27:20.727Z] <<< [apiv2][status] GET https://firebase.googleapis.com/v1beta1/projects/clone-99e4a 200
[debug] [2022-04-07T15:27:20.727Z] <<< [apiv2][body] GET https://firebase.googleapis.com/v1beta1/projects/clone-99e4a {"projectId":"clone-99e4a","projectNumber":"273104756536","displayName":"amazon-clone","name":"projects/clone-99e4a","resources":{"hostingSite":"clone-99e4a","storageBucket":"clone-99e4a.appspot.com","locationId":"us-central"},"state":"ACTIVE"}
[info] 
[info] === Deploying to 'clone-99e4a'...
[info] 
[info] i  deploying hosting 
[debug] [2022-04-07T15:27:20.729Z] >>> [apiv2][query] GET https://firebase.googleapis.com/v1beta1/projects/clone-99e4a [none]
[debug] [2022-04-07T15:27:21.268Z] <<< [apiv2][status] GET https://firebase.googleapis.com/v1beta1/projects/clone-99e4a 200
[debug] [2022-04-07T15:27:21.268Z] <<< [apiv2][body] GET https://firebase.googleapis.com/v1beta1/projects/clone-99e4a {"projectId":"clone-99e4a","projectNumber":"273104756536","displayName":"amazon-clone","name":"projects/clone-99e4a","resources":{"hostingSite":"clone-99e4a","storageBucket":"clone-99e4a.appspot.com","locationId":"us-central"},"state":"ACTIVE"}
[debug] [2022-04-07T15:27:21.272Z] >>> [apiv2][query] POST https://firebasehosting.googleapis.com/v1beta1/projects/273104756536/sites/clone-99e4a/versions [none]
[debug] [2022-04-07T15:27:21.272Z] >>> [apiv2][body] POST https://firebasehosting.googleapis.com/v1beta1/projects/273104756536/sites/clone-99e4a/versions {"config":{"rewrites":[{"glob":"**","path":"/index.html"}]},"labels":{"deployment-tool":"cli-firebase"}}
[debug] [2022-04-07T15:27:23.205Z] <<< [apiv2][status] POST https://firebasehosting.googleapis.com/v1beta1/projects/273104756536/sites/clone-99e4a/versions 200
[debug] [2022-04-07T15:27:23.205Z] <<< [apiv2][body] POST https://firebasehosting.googleapis.com/v1beta1/projects/273104756536/sites/clone-99e4a/versions {"name":"projects/273104756536/sites/clone-99e4a/versions/b974e36f13e744e1","status":"CREATED","config":{"rewrites":[{"glob":"**","path":"/index.html"}]},"labels":{"deployment-tool":"cli-firebase"}}
[info] i  hosting[clone-99e4a]: beginning deploy... 
[info] i  hosting[clone-99e4a]: found 14 files in build 
[debug] [2022-04-07T15:27:23.214Z] [hosting] uploading with 200 concurrency
[debug] [2022-04-07T15:27:23.548Z] [hosting] hash cache [YnVpbGQ] stored for 14 files
[debug] [2022-04-07T15:27:23.548Z] [hosting][hash queue][FINAL] {"max":329,"min":5,"avg":32.5,"active":0,"complete":14,"success":14,"errored":0,"retried":0,"total":14,"elapsed":333}
[debug] [2022-04-07T15:27:23.548Z] >>> [apiv2][query] POST https://firebasehosting.googleapis.com/v1beta1/projects/273104756536/sites/clone-99e4a/versions/b974e36f13e744e1:populateFiles [none]
[debug] [2022-04-07T15:27:23.548Z] >>> [apiv2][body] POST https://firebasehosting.googleapis.com/v1beta1/projects/273104756536/sites/clone-99e4a/versions/b974e36f13e744e1:populateFiles {"files":{"/asset-manifest.json":"da7b4d104f9c5028c360e5ff601b7f40de55b15f2d0b226b0392224b4f94a5d3","/index.html":"c63d3d5331041fd6dbd1086de2b32c1b50ec6ca8c31cec3d7120664abf84e013","/favicon.ico":"b72f7455f00e4e58792d2bca892abb068e2213838c0316d6b7a0d6d16acd1955","/robots.txt":"391d14b3c2f8c9143a27a28c7399585142228d4d1bdbe2c87ac946de411fa9a2","/logo192.png":"caff018b7f1e8fd481eb1c50d75b0ef236bcd5078b1d15c8bb348453fee30293","/manifest.json":"341d52628782f8ac9290bbfc43298afccb47b7cbfcee146ae30cf0f46bc30900","/static/css/main.d1b16a72.css":"2afa2b5a9cf2bdc347c42733c55c0e3dfdf3abd0b2476f87c30c07835a7bfcaf","/static/js/787.ebd7646a.chunk.js":"07291abe2b5b77d11bfae692492a1a0046fe63961b17d6236fa2de770295ef7f","/logo512.png":"191fc21360b4ccfb1cda11a1efb97f489ed22672ca83f4064316802bbfdd750e","/static/js/main.6fede48d.js.LICENSE.txt":"afd91d77b6faaae4210d14576272f37ff70d2ddfe93df6d7357d0a7cb1fa4f02","/static/css/main.d1b16a72.css.map":"2ac252cddbf9ff50c189cc6f826c527732d6a3034d1f2e164c2319108ae886e4","/static/js/787.ebd7646a.chunk.js.map":"df47e80d89f2d44cbb8e5ee0ee617cc439041fedaadabf4fe93760886c94624f","/static/js/main.6fede48d.js":"16d5a6f04a575900f64d5a6625f6cdbabaee4639af19082df0277daf0e4bf5f0","/static/js/main.6fede48d.js.map":"80011ada3b5a3112ebbcbb1976aa955f2c9bfef198c9f300daec90f9cdf50a9c"}}
[debug] [2022-04-07T15:27:25.213Z] <<< [apiv2][status] POST https://firebasehosting.googleapis.com/v1beta1/projects/273104756536/sites/clone-99e4a/versions/b974e36f13e744e1:populateFiles 200
[debug] [2022-04-07T15:27:25.213Z] <<< [apiv2][body] POST https://firebasehosting.googleapis.com/v1beta1/projects/273104756536/sites/clone-99e4a/versions/b974e36f13e744e1:populateFiles {"uploadRequiredHashes":["da7b4d104f9c5028c360e5ff601b7f40de55b15f2d0b226b0392224b4f94a5d3","80011ada3b5a3112ebbcbb1976aa955f2c9bfef198c9f300daec90f9cdf50a9c","c63d3d5331041fd6dbd1086de2b32c1b50ec6ca8c31cec3d7120664abf84e013","16d5a6f04a575900f64d5a6625f6cdbabaee4639af19082df0277daf0e4bf5f0"],"uploadUrl":"https://upload-firebasehosting.googleapis.com/upload/sites/clone-99e4a/versions/b974e36f13e744e1/files"}
[debug] [2022-04-07T15:27:25.215Z] >>> [apiv2][query] POST https://upload-firebasehosting.googleapis.com/upload/sites/clone-99e4a/versions/b974e36f13e744e1/files/da7b4d104f9c5028c360e5ff601b7f40de55b15f2d0b226b0392224b4f94a5d3 [none]
[debug] [2022-04-07T15:27:25.215Z] >>> [apiv2][body] POST https://upload-firebasehosting.googleapis.com/upload/sites/clone-99e4a/versions/b974e36f13e744e1/files/da7b4d104f9c5028c360e5ff601b7f40de55b15f2d0b226b0392224b4f94a5d3 [stream]
[debug] [2022-04-07T15:27:25.216Z] >>> [apiv2][query] POST https://upload-firebasehosting.googleapis.com/upload/sites/clone-99e4a/versions/b974e36f13e744e1/files/80011ada3b5a3112ebbcbb1976aa955f2c9bfef198c9f300daec90f9cdf50a9c [none]
[debug] [2022-04-07T15:27:25.216Z] >>> [apiv2][body] POST https://upload-firebasehosting.googleapis.com/upload/sites/clone-99e4a/versions/b974e36f13e744e1/files/80011ada3b5a3112ebbcbb1976aa955f2c9bfef198c9f300daec90f9cdf50a9c [stream]
[debug] [2022-04-07T15:27:25.217Z] >>> [apiv2][query] POST https://upload-firebasehosting.googleapis.com/upload/sites/clone-99e4a/versions/b974e36f13e744e1/files/c63d3d5331041fd6dbd1086de2b32c1b50ec6ca8c31cec3d7120664abf84e013 [none]
[debug] [2022-04-07T15:27:25.217Z] >>> [apiv2][body] POST https://upload-firebasehosting.googleapis.com/upload/sites/clone-99e4a/versions/b974e36f13e744e1/files/c63d3d5331041fd6dbd1086de2b32c1b50ec6ca8c31cec3d7120664abf84e013 [stream]
[debug] [2022-04-07T15:27:25.218Z] >>> [apiv2][query] POST https://upload-firebasehosting.googleapis.com/upload/sites/clone-99e4a/versions/b974e36f13e744e1/files/16d5a6f04a575900f64d5a6625f6cdbabaee4639af19082df0277daf0e4bf5f0 [none]
[debug] [2022-04-07T15:27:25.218Z] >>> [apiv2][body] POST https://upload-firebasehosting.googleapis.com/upload/sites/clone-99e4a/versions/b974e36f13e744e1/files/16d5a6f04a575900f64d5a6625f6cdbabaee4639af19082df0277daf0e4bf5f0 [stream]
[debug] [2022-04-07T15:27:25.219Z] [hosting][populate queue][FINAL] {"max":1668,"min":1668,"avg":1668,"active":0,"complete":1,"success":1,"errored":0,"retried":0,"total":1,"elapsed":1672}
[debug] [2022-04-07T15:27:25.219Z] [hosting] uploads queued: 4
[debug] [2022-04-07T15:27:26.830Z] <<< [apiv2][status] POST https://upload-firebasehosting.googleapis.com/upload/sites/clone-99e4a/versions/b974e36f13e744e1/files/c63d3d5331041fd6dbd1086de2b32c1b50ec6ca8c31cec3d7120664abf84e013 200
[debug] [2022-04-07T15:27:26.830Z] <<< [apiv2][body] POST https://upload-firebasehosting.googleapis.com/upload/sites/clone-99e4a/versions/b974e36f13e744e1/files/c63d3d5331041fd6dbd1086de2b32c1b50ec6ca8c31cec3d7120664abf84e013 [stream]
[debug] [2022-04-07T15:27:26.900Z] <<< [apiv2][status] POST https://upload-firebasehosting.googleapis.com/upload/sites/clone-99e4a/versions/b974e36f13e744e1/files/da7b4d104f9c5028c360e5ff601b7f40de55b15f2d0b226b0392224b4f94a5d3 200
[debug] [2022-04-07T15:27:26.900Z] <<< [apiv2][body] POST https://upload-firebasehosting.googleapis.com/upload/sites/clone-99e4a/versions/b974e36f13e744e1/files/da7b4d104f9c5028c360e5ff601b7f40de55b15f2d0b226b0392224b4f94a5d3 [stream]
[debug] [2022-04-07T15:27:27.760Z] <<< [apiv2][status] POST https://upload-firebasehosting.googleapis.com/upload/sites/clone-99e4a/versions/b974e36f13e744e1/files/16d5a6f04a575900f64d5a6625f6cdbabaee4639af19082df0277daf0e4bf5f0 200
[debug] [2022-04-07T15:27:27.760Z] <<< [apiv2][body] POST https://upload-firebasehosting.googleapis.com/upload/sites/clone-99e4a/versions/b974e36f13e744e1/files/16d5a6f04a575900f64d5a6625f6cdbabaee4639af19082df0277daf0e4bf5f0 [stream]
[debug] [2022-04-07T15:27:28.380Z] <<< [apiv2][status] POST https://upload-firebasehosting.googleapis.com/upload/sites/clone-99e4a/versions/b974e36f13e744e1/files/80011ada3b5a3112ebbcbb1976aa955f2c9bfef198c9f300daec90f9cdf50a9c 200
[debug] [2022-04-07T15:27:28.380Z] <<< [apiv2][body] POST https://upload-firebasehosting.googleapis.com/upload/sites/clone-99e4a/versions/b974e36f13e744e1/files/80011ada3b5a3112ebbcbb1976aa955f2c9bfef198c9f300daec90f9cdf50a9c [stream]
[debug] [2022-04-07T15:27:28.380Z] [hosting][upload queue][FINAL] {"max":3166,"min":1617,"avg":2253.75,"active":0,"complete":4,"success":4,"errored":0,"retried":0,"total":4,"elapsed":3166}
[info] ✔  hosting[clone-99e4a]: file upload complete 
[debug] [2022-04-07T15:27:28.381Z] [hosting] deploy completed after 5175ms
[debug] [2022-04-07T15:27:28.385Z] [
  {
    "config": {
      "public": "build",
      "ignore": [
        "firebase.json",
        "**/.*",
        "**/node_modules/**"
      ],
      "rewrites": [
        {
          "source": "**",
          "destination": "/index.html"
        }
      ],
      "site": "clone-99e4a"
    },
    "site": "clone-99e4a",
    "version": "projects/273104756536/sites/clone-99e4a/versions/b974e36f13e744e1"
  }
]
[info] i  hosting[clone-99e4a]: finalizing version... 
[debug] [2022-04-07T15:27:28.387Z] >>> [apiv2][query] PATCH https://firebasehosting.googleapis.com/v1beta1/projects/273104756536/sites/clone-99e4a/versions/b974e36f13e744e1 updateMask=status
[debug] [2022-04-07T15:27:28.387Z] >>> [apiv2][body] PATCH https://firebasehosting.googleapis.com/v1beta1/projects/273104756536/sites/clone-99e4a/versions/b974e36f13e744e1 {"status":"FINALIZED"}
[debug] [2022-04-07T15:27:30.122Z] <<< [apiv2][status] PATCH https://firebasehosting.googleapis.com/v1beta1/projects/273104756536/sites/clone-99e4a/versions/b974e36f13e744e1 200
[debug] [2022-04-07T15:27:30.122Z] <<< [apiv2][body] PATCH https://firebasehosting.googleapis.com/v1beta1/projects/273104756536/sites/clone-99e4a/versions/b974e36f13e744e1 {"name":"projects/273104756536/sites/clone-99e4a/versions/b974e36f13e744e1","status":"FINALIZED","config":{"rewrites":[{"glob":"**","path":"/index.html"}]},"labels":{"deployment-tool":"cli-firebase"},"createTime":"2022-04-07T15:27:23.020208Z","createUser":{"email":"abhayaggarwal365@gmail.com"},"finalizeTime":"2022-04-07T15:27:30.112770Z","finalizeUser":{"email":"abhayaggarwal365@gmail.com"}}
[debug] [2022-04-07T15:27:30.122Z] [hosting] finalized version for clone-99e4a:[object Object]
[info] ✔  hosting[clone-99e4a]: version finalized 
[info] i  hosting[clone-99e4a]: releasing new version... 
[debug] [2022-04-07T15:27:30.123Z] >>> [apiv2][query] POST https://firebasehosting.googleapis.com/v1beta1/projects/273104756536/sites/clone-99e4a/releases versionName=projects%2F273104756536%2Fsites%2Fclone-99e4a%2Fversions%2Fb974e36f13e744e1
[debug] [2022-04-07T15:27:30.123Z] >>> [apiv2][body] POST https://firebasehosting.googleapis.com/v1beta1/projects/273104756536/sites/clone-99e4a/releases {"message":null}
